<?xml version="1.0" encoding="UTF-8"?>
<!-- Generated by org.testng.reporters.JUnitXMLReporter -->
<testsuite ignored="0" hostname="ITLFZVYMC2" failures="0" tests="3" name="ChromeTest" time="161.779" errors="0" timestamp="2023-01-30T06:35:58 SAST">
  <testcase classname="com.ilabassessment.testcases.CareerJourneyTest" name="navigateToCareer" time="32.498"/>
  <testcase classname="com.ilabassessment.testcases.CareerJourneyTest" name="navigateToJobPost" time="22.651"/>
  <testcase classname="com.ilabassessment.testcases.CareerJourneyTest" name="CompleteForm" time="62.852"/>
</testsuite> <!-- ChromeTest -->
