<?xml version="1.0" encoding="UTF-8"?>
<testng-results ignored="0" total="1" passed="1" failed="0" skipped="0">
  <reporter-output>
  </reporter-output>
  <suite started-at="2023-01-19T05:58:36 SAST" name="Suite" finished-at="2023-01-19T06:00:15 SAST" duration-ms="98588">
    <groups>
    </groups>
    <test started-at="2023-01-19T05:58:36 SAST" name="ChromeTest" finished-at="2023-01-19T06:00:15 SAST" duration-ms="98588">
      <class name="com.ilabassessment.testcases.CareerJourneyTest">
        <test-method is-config="true" signature="loadConfig()[pri:0, instance:com.ilabassessment.testcases.CareerJourneyTest@71ba6d4e]" started-at="2023-01-19T05:58:36 SAST" name="loadConfig" finished-at="2023-01-19T05:58:36 SAST" duration-ms="232" status="PASS">
          <reporter-output>
          </reporter-output>
        </test-method> <!-- loadConfig -->
        <test-method is-config="true" signature="setup(java.lang.String)[pri:0, instance:com.ilabassessment.testcases.CareerJourneyTest@71ba6d4e]" started-at="2023-01-19T05:58:37 SAST" name="setup" finished-at="2023-01-19T05:58:52 SAST" duration-ms="15254" status="PASS">
          <params>
            <param index="0">
              <value>
                <![CDATA[Chrome]]>
              </value>
            </param>
          </params>
          <reporter-output>
          </reporter-output>
        </test-method> <!-- setup -->
        <test-method signature="CompleteForm(java.lang.String,java.lang.String)[pri:3, instance:com.ilabassessment.testcases.CareerJourneyTest@71ba6d4e]" started-at="2023-01-19T05:58:54 SAST" name="CompleteForm" data-provider="Sheet1" finished-at="2023-01-19T06:00:14 SAST" duration-ms="80877" status="PASS">
          <params>
            <param index="0">
              <value>
                <![CDATA[Zwikhodo]]>
              </value>
            </param>
            <param index="1">
              <value>
                <![CDATA[znemadodzi@gmail.com]]>
              </value>
            </param>
          </params>
          <reporter-output>
          </reporter-output>
        </test-method> <!-- CompleteForm -->
        <test-method is-config="true" signature="tearDown()[pri:0, instance:com.ilabassessment.testcases.CareerJourneyTest@71ba6d4e]" started-at="2023-01-19T06:00:15 SAST" name="tearDown" finished-at="2023-01-19T06:00:15 SAST" duration-ms="409" status="PASS">
          <reporter-output>
          </reporter-output>
        </test-method> <!-- tearDown -->
        <test-method is-config="true" signature="afterSuite()[pri:0, instance:com.ilabassessment.testcases.CareerJourneyTest@71ba6d4e]" started-at="2023-01-19T06:00:16 SAST" name="afterSuite" finished-at="2023-01-19T06:00:16 SAST" duration-ms="0" status="PASS">
          <reporter-output>
          </reporter-output>
        </test-method> <!-- afterSuite -->
      </class> <!-- com.ilabassessment.testcases.CareerJourneyTest -->
    </test> <!-- ChromeTest -->
  </suite> <!-- Suite -->
</testng-results>
